2022-02-20 15:30:44,223 INFO org.springframework.boot.StartupInfoLogger [restartedMain] Starting ApiUniversidadMApplication using Java 17 on DESKTOP-7MSQ4EU with PID 16112 (C:\Users\usuario\Documents\workspace-spring-tool-suite-4-4.12.1.RELEASE\APIUniversidadM\target\classes started by usuario in C:\Users\usuario\Documents\workspace-spring-tool-suite-4-4.12.1.RELEASE\APIUniversidadM)
2022-02-20 15:30:44,236 INFO org.springframework.boot.SpringApplication [restartedMain] No active profile set, falling back to default profiles: default
2022-02-20 15:30:44,366 INFO org.hibernate.validator.internal.util.Version [background-preinit] HV000001: Hibernate Validator 6.2.0.Final
2022-02-20 15:30:44,437 INFO org.springframework.boot.logging.DeferredLog [restartedMain] Devtools property defaults active! Set 'spring.devtools.add-properties' to 'false' to disable
2022-02-20 15:30:44,439 INFO org.springframework.boot.logging.DeferredLog [restartedMain] For additional web related logging consider setting the 'logging.level.web' property to 'DEBUG'
2022-02-20 15:30:46,600 INFO org.springframework.data.repository.config.RepositoryConfigurationDelegate [restartedMain] Bootstrapping Spring Data JPA repositories in DEFAULT mode.
2022-02-20 15:30:46,734 INFO org.springframework.data.repository.config.RepositoryConfigurationDelegate [restartedMain] Finished Spring Data repository scanning in 122 ms. Found 6 JPA repository interfaces.
2022-02-20 15:30:48,029 INFO org.springframework.boot.web.embedded.tomcat.TomcatWebServer [restartedMain] Tomcat initialized with port(s): 9081 (http)
2022-02-20 15:30:48,047 INFO org.apache.juli.logging.DirectJDKLog [restartedMain] Initializing ProtocolHandler ["http-nio-9081"]
2022-02-20 15:30:48,048 INFO org.apache.juli.logging.DirectJDKLog [restartedMain] Starting service [Tomcat]
2022-02-20 15:30:48,048 INFO org.apache.juli.logging.DirectJDKLog [restartedMain] Starting Servlet engine: [Apache Tomcat/9.0.56]
2022-02-20 15:30:48,257 INFO org.apache.juli.logging.DirectJDKLog [restartedMain] Initializing Spring embedded WebApplicationContext
2022-02-20 15:30:48,257 INFO org.springframework.boot.web.servlet.context.ServletWebServerApplicationContext [restartedMain] Root WebApplicationContext: initialization completed in 3817 ms
2022-02-20 15:30:48,527 INFO org.hibernate.jpa.internal.util.LogHelper [restartedMain] HHH000204: Processing PersistenceUnitInfo [name: default]
2022-02-20 15:30:48,636 INFO org.hibernate.Version [restartedMain] HHH000412: Hibernate ORM core version 5.4.33
2022-02-20 15:30:48,953 INFO org.hibernate.annotations.common.reflection.java.JavaReflectionManager [restartedMain] HCANN000001: Hibernate Commons Annotations {5.1.2.Final}
2022-02-20 15:30:49,174 INFO com.zaxxer.hikari.HikariDataSource [restartedMain] HikariPool-1 - Starting...
2022-02-20 15:30:49,500 INFO com.zaxxer.hikari.HikariDataSource [restartedMain] HikariPool-1 - Start completed.
2022-02-20 15:30:49,562 INFO org.hibernate.dialect.Dialect [restartedMain] HHH000400: Using dialect: org.hibernate.dialect.PostgreSQL10Dialect
2022-02-20 15:30:50,641 INFO org.hibernate.tuple.PojoInstantiator [restartedMain] HHH000182: No default (no-argument) constructor for class: com.ibm.academia.restapi.universidad.modelo.entidades.Aula (class must be instantiated by Interceptor)
2022-02-20 15:30:50,964 INFO org.hibernate.tuple.PojoInstantiator [restartedMain] HHH000182: No default (no-argument) constructor for class: com.ibm.academia.restapi.universidad.modelo.entidades.Profesor (class must be instantiated by Interceptor)
2022-02-20 15:30:50,983 INFO org.hibernate.tuple.PojoInstantiator [restartedMain] HHH000182: No default (no-argument) constructor for class: com.ibm.academia.restapi.universidad.modelo.entidades.Empleado (class must be instantiated by Interceptor)
2022-02-20 15:30:50,996 INFO org.hibernate.tuple.PojoInstantiator [restartedMain] HHH000182: No default (no-argument) constructor for class: com.ibm.academia.restapi.universidad.modelo.entidades.Carrera (class must be instantiated by Interceptor)
2022-02-20 15:30:51,019 INFO org.hibernate.tuple.PojoInstantiator [restartedMain] HHH000182: No default (no-argument) constructor for class: com.ibm.academia.restapi.universidad.modelo.entidades.Alumno (class must be instantiated by Interceptor)
2022-02-20 15:30:51,034 INFO org.hibernate.tuple.PojoInstantiator [restartedMain] HHH000182: No default (no-argument) constructor for class: com.ibm.academia.restapi.universidad.modelo.entidades.Pabellon (class must be instantiated by Interceptor)
2022-02-20 15:30:51,462 INFO org.hibernate.engine.transaction.jta.platform.internal.JtaPlatformInitiator [restartedMain] HHH000490: Using JtaPlatform implementation: [org.hibernate.engine.transaction.jta.platform.internal.NoJtaPlatform]
2022-02-20 15:30:51,476 INFO org.springframework.orm.jpa.AbstractEntityManagerFactoryBean [restartedMain] Initialized JPA EntityManagerFactory for persistence unit 'default'
2022-02-20 15:30:52,358 WARN org.springframework.context.support.AbstractApplicationContext [restartedMain] Exception encountered during context initialization - cancelling refresh attempt: org.springframework.beans.factory.UnsatisfiedDependencyException: Error creating bean with name 'aulaController': Unsatisfied dependency expressed through field 'aulaDao'; nested exception is org.springframework.beans.factory.UnsatisfiedDependencyException: Error creating bean with name 'aulaDAOImpl' defined in file [C:\Users\usuario\Documents\workspace-spring-tool-suite-4-4.12.1.RELEASE\APIUniversidadM\target\classes\com\ibm\academia\restapi\universidad\servicios\AulaDAOImpl.class]: Unsatisfied dependency expressed through constructor parameter 0; nested exception is org.springframework.beans.factory.BeanCreationException: Error creating bean with name 'aulaRepository' defined in com.ibm.academia.restapi.universidad.repositorios.AulaRepository defined in @EnableJpaRepositories declared on JpaRepositoriesRegistrar.EnableJpaRepositoriesConfiguration: Invocation of init method failed; nested exception is org.springframework.data.repository.query.QueryCreationException: Could not create query for public abstract java.lang.Iterable com.ibm.academia.restapi.universidad.repositorios.AulaRepository.aulasPorPabellon(java.lang.String)! Reason: Failed to create query for method public abstract java.lang.Iterable com.ibm.academia.restapi.universidad.repositorios.AulaRepository.aulasPorPabellon(java.lang.String)! No property aulasPorPabellon found for type Aula!; nested exception is java.lang.IllegalArgumentException: Failed to create query for method public abstract java.lang.Iterable com.ibm.academia.restapi.universidad.repositorios.AulaRepository.aulasPorPabellon(java.lang.String)! No property aulasPorPabellon found for type Aula!
