2022-02-16 12:01:55,504 INFO org.hibernate.validator.internal.util.Version [background-preinit] HV000001: Hibernate Validator 6.2.0.Final
2022-02-16 12:01:55,523 INFO org.springframework.boot.StartupInfoLogger [restartedMain] Starting ApiUniversidadMApplication using Java 17 on LAPTOP-ENK3FB65 with PID 13808 (C:\WorkspaceSTS\APIUniversidadM\target\classes started by 002292661 in C:\WorkspaceSTS\APIUniversidadM)
2022-02-16 12:01:55,525 INFO org.springframework.boot.SpringApplication [restartedMain] No active profile set, falling back to default profiles: default
2022-02-16 12:01:55,613 INFO org.springframework.boot.logging.DeferredLog [restartedMain] Devtools property defaults active! Set 'spring.devtools.add-properties' to 'false' to disable
2022-02-16 12:01:55,623 INFO org.springframework.boot.logging.DeferredLog [restartedMain] For additional web related logging consider setting the 'logging.level.web' property to 'DEBUG'
2022-02-16 12:01:56,897 INFO org.springframework.data.repository.config.RepositoryConfigurationDelegate [restartedMain] Bootstrapping Spring Data JPA repositories in DEFAULT mode.
2022-02-16 12:01:56,999 INFO org.springframework.data.repository.config.RepositoryConfigurationDelegate [restartedMain] Finished Spring Data repository scanning in 77 ms. Found 2 JPA repository interfaces.
2022-02-16 12:01:58,033 INFO org.springframework.boot.web.embedded.tomcat.TomcatWebServer [restartedMain] Tomcat initialized with port(s): 9081 (http)
2022-02-16 12:01:58,053 INFO org.apache.juli.logging.DirectJDKLog [restartedMain] Initializing ProtocolHandler ["http-nio-9081"]
2022-02-16 12:01:58,054 INFO org.apache.juli.logging.DirectJDKLog [restartedMain] Starting service [Tomcat]
2022-02-16 12:01:58,054 INFO org.apache.juli.logging.DirectJDKLog [restartedMain] Starting Servlet engine: [Apache Tomcat/9.0.56]
2022-02-16 12:01:58,186 INFO org.apache.juli.logging.DirectJDKLog [restartedMain] Initializing Spring embedded WebApplicationContext
2022-02-16 12:01:58,187 INFO org.springframework.boot.web.servlet.context.ServletWebServerApplicationContext [restartedMain] Root WebApplicationContext: initialization completed in 2563 ms
2022-02-16 12:01:58,429 INFO org.hibernate.jpa.internal.util.LogHelper [restartedMain] HHH000204: Processing PersistenceUnitInfo [name: default]
2022-02-16 12:01:58,523 INFO org.hibernate.Version [restartedMain] HHH000412: Hibernate ORM core version 5.6.4.Final
2022-02-16 12:01:58,774 INFO org.hibernate.annotations.common.reflection.java.JavaReflectionManager [restartedMain] HCANN000001: Hibernate Commons Annotations {5.1.2.Final}
2022-02-16 12:01:58,929 INFO com.zaxxer.hikari.HikariDataSource [restartedMain] HikariPool-1 - Starting...
2022-02-16 12:01:59,186 INFO com.zaxxer.hikari.HikariDataSource [restartedMain] HikariPool-1 - Start completed.
2022-02-16 12:01:59,231 INFO org.hibernate.dialect.Dialect [restartedMain] HHH000400: Using dialect: org.hibernate.dialect.PostgreSQL10Dialect
2022-02-16 12:02:01,152 INFO org.hibernate.engine.transaction.jta.platform.internal.JtaPlatformInitiator [restartedMain] HHH000490: Using JtaPlatform implementation: [org.hibernate.engine.transaction.jta.platform.internal.NoJtaPlatform]
2022-02-16 12:02:01,167 INFO org.springframework.orm.jpa.AbstractEntityManagerFactoryBean [restartedMain] Initialized JPA EntityManagerFactory for persistence unit 'default'
2022-02-16 12:02:02,046 WARN org.springframework.boot.autoconfigure.orm.jpa.JpaBaseConfiguration$JpaWebConfiguration [restartedMain] spring.jpa.open-in-view is enabled by default. Therefore, database queries may be performed during view rendering. Explicitly configure spring.jpa.open-in-view to disable this warning
2022-02-16 12:02:02,521 INFO org.springframework.boot.devtools.autoconfigure.OptionalLiveReloadServer [restartedMain] LiveReload server is running on port 35729
2022-02-16 12:02:02,545 INFO org.apache.juli.logging.DirectJDKLog [restartedMain] Starting ProtocolHandler ["http-nio-9081"]
2022-02-16 12:02:02,598 INFO org.springframework.boot.web.embedded.tomcat.TomcatWebServer [restartedMain] Tomcat started on port(s): 9081 (http) with context path '/api/v1/universidad'
2022-02-16 12:02:02,616 INFO org.springframework.boot.StartupInfoLogger [restartedMain] Started ApiUniversidadMApplication in 7.765 seconds (JVM running for 9.723)
2022-02-16 12:03:14,923 INFO org.apache.juli.logging.DirectJDKLog [http-nio-9081-exec-1] Initializing Spring DispatcherServlet 'dispatcherServlet'
2022-02-16 12:03:14,924 INFO org.springframework.web.servlet.FrameworkServlet [http-nio-9081-exec-1] Initializing Servlet 'dispatcherServlet'
2022-02-16 12:03:14,926 INFO org.springframework.web.servlet.FrameworkServlet [http-nio-9081-exec-1] Completed initialization in 2 ms
2022-02-16 12:03:14,988 INFO com.ibm.academia.restapi.universidad.controladores.MiPrimerControlador [http-nio-9081-exec-1] info log
2022-02-16 12:03:14,991 WARN com.ibm.academia.restapi.universidad.controladores.MiPrimerControlador [http-nio-9081-exec-1] warning log
2022-02-16 12:03:14,993 ERROR com.ibm.academia.restapi.universidad.controladores.MiPrimerControlador [http-nio-9081-exec-1] error log
2022-02-16 12:03:25,112 INFO com.ibm.academia.restapi.universidad.controladores.MiPrimerControlador [http-nio-9081-exec-3] info log
2022-02-16 12:03:25,113 WARN com.ibm.academia.restapi.universidad.controladores.MiPrimerControlador [http-nio-9081-exec-3] warning log
2022-02-16 12:03:25,113 ERROR com.ibm.academia.restapi.universidad.controladores.MiPrimerControlador [http-nio-9081-exec-3] error log
2022-02-16 12:03:26,415 INFO com.ibm.academia.restapi.universidad.controladores.MiPrimerControlador [http-nio-9081-exec-4] info log
2022-02-16 12:03:26,416 WARN com.ibm.academia.restapi.universidad.controladores.MiPrimerControlador [http-nio-9081-exec-4] warning log
2022-02-16 12:03:26,416 ERROR com.ibm.academia.restapi.universidad.controladores.MiPrimerControlador [http-nio-9081-exec-4] error log
2022-02-16 12:03:31,551 INFO com.ibm.academia.restapi.universidad.controladores.MiPrimerControlador [http-nio-9081-exec-5] info log
2022-02-16 12:03:31,554 WARN com.ibm.academia.restapi.universidad.controladores.MiPrimerControlador [http-nio-9081-exec-5] warning log
2022-02-16 12:03:31,555 ERROR com.ibm.academia.restapi.universidad.controladores.MiPrimerControlador [http-nio-9081-exec-5] error log
